7_JULY_Update_Code/Ealpha/app/build/outputs/logs/manifest-merger-debug-report.txt
-- Merging decision tree log ---
manifest
ADDED from src/main/AndroidManifest.xml:2:1-187:12
	package
		ADDED from src/main/AndroidManifest.xml:3:5-25
		INJECTED from src/main/AndroidManifest.xml
		INJECTED from src/main/AndroidManifest.xml
	android:versionName
		ADDED from src/main/AndroidManifest.xml:5:5-30
		INJECTED from src/main/AndroidManifest.xml
		INJECTED from src/main/AndroidManifest.xml
	android:versionCode
		ADDED from src/main/AndroidManifest.xml:4:5-28
		INJECTED from src/main/AndroidManifest.xml
		INJECTED from src/main/AndroidManifest.xml
	xmlns:android
		ADDED from src/main/AndroidManifest.xml:2:11-69
uses-sdk
ADDED from src/main/AndroidManifest.xml:7:5-9:41
MERGED from [com.android.support:multidex:1.0.1] AndroidManifest.xml:18:5-42
MERGED from [com.google.android.gms:play-services:10.2.4] AndroidManifest.xml:4:5-43
MERGED from [com.google.android.gms:play-services-ads:10.2.4] AndroidManifest.xml:17:5-43
MERGED from [com.google.android.gms:play-services-ads-lite:10.2.4] AndroidManifest.xml:22:5-43
MERGED from [com.google.android.gms:play-services-analytics:10.2.4] AndroidManifest.xml:17:5-43
MERGED from [com.google.android.gms:play-services-appinvite:10.2.4] AndroidManifest.xml:17:5-43
MERGED from [com.google.android.gms:play-services-auth:10.2.4] AndroidManifest.xml:17:5-43
MERGED from [com.google.android.gms:play-services-auth-base:10.2.4] AndroidManifest.xml:4:5-43
MERGED from [com.google.android.gms:play-services-cast-framework:10.2.4] AndroidManifest.xml:3:5-43
MERGED from [com.google.android.gms:play-services-cast:10.2.4] AndroidManifest.xml:17:5-43
MERGED from [com.android.support:mediarouter-v7:24.0.0] AndroidManifest.xml:20:5-43
MERGED from [com.android.support:palette-v7:24.0.0] AndroidManifest.xml:20:5-43
MERGED from [com.android.support:appcompat-v7:25.2.0] AndroidManifest.xml:21:5-23:78
MERGED from [com.android.support:animated-vector-drawable:25.2.0] AndroidManifest.xml:20:5-44
MERGED from [com.android.support:support-vector-drawable:25.2.0] AndroidManifest.xml:21:5-43
MERGED from [com.google.android.gms:play-services-clearcut:10.2.4] AndroidManifest.xml:17:5-43
MERGED from [com.google.firebase:firebase-config:10.2.4] AndroidManifest.xml:17:5-43
MERGED from [com.google.android.gms:play-services-awareness:10.2.4] AndroidManifest.xml:17:5-43
MERGED from [com.google.firebase:firebase-crash:10.2.4] AndroidManifest.xml:20:5-43
MERGED from [com.google.firebase:firebase-auth:10.2.4] AndroidManifest.xml:17:5-43
MERGED from [com.google.firebase:firebase-database:10.2.4] AndroidManifest.xml:3:5-43
MERGED from [com.google.firebase:firebase-database-connection:10.2.4] AndroidManifest.xml:3:5-43
MERGED from [com.google.firebase:firebase-messaging:10.2.4] AndroidManifest.xml:17:5-43
MERGED from [com.google.firebase:firebase-storage:10.2.4] AndroidManifest.xml:3:5-43
MERGED from [com.google.firebase:firebase-storage-common:10.2.4] AndroidManifest.xml:3:5-43
MERGED from [com.google.android.gms:play-services-fitness:10.2.4] AndroidManifest.xml:17:5-43
MERGED from [com.google.android.gms:play-services-games:10.2.4] AndroidManifest.xml:17:5-43
MERGED from [com.google.android.gms:play-services-drive:10.2.4] AndroidManifest.xml:17:5-43
MERGED from [com.google.android.gms:play-services-gass:10.2.4] AndroidManifest.xml:3:5-43
MERGED from [com.google.android.gms:play-services-gcm:10.2.4] AndroidManifest.xml:17:5-43
MERGED from [com.google.firebase:firebase-appindexing:10.2.4] AndroidManifest.xml:17:5-43
MERGED from [com.google.android.gms:play-services-iid:10.2.4] AndroidManifest.xml:17:5-43
MERGED from [com.google.android.gms:play-services-instantapps:10.2.4] AndroidManifest.xml:3:5-43
MERGED from [com.google.android.gms:play-services-location:10.2.4] AndroidManifest.xml:3:5-43
MERGED from [com.google.android.gms:play-services-nearby:10.2.4] AndroidManifest.xml:3:5-43
MERGED from [com.google.android.gms:play-services-panorama:10.2.4] AndroidManifest.xml:17:5-43
MERGED from [com.google.android.gms:play-services-places:10.2.4] AndroidManifest.xml:17:5-43
MERGED from [com.google.android.gms:play-services-plus:10.2.4] AndroidManifest.xml:17:5-43
MERGED from [com.google.android.gms:play-services-safetynet:10.2.4] AndroidManifest.xml:17:5-43
MERGED from [com.google.android.gms:play-services-tagmanager:10.2.4] AndroidManifest.xml:17:5-43
MERGED from [com.google.android.gms:play-services-tagmanager-api:10.2.4] AndroidManifest.xml:17:5-43
MERGED from [com.google.android.gms:play-services-tagmanager-v4-impl:10.2.4] AndroidManifest.xml:17:5-43
MERGED from [com.google.android.gms:play-services-analytics-impl:10.2.4] AndroidManifest.xml:17:5-43
MERGED from [com.google.android.gms:play-services-vision:10.2.4] AndroidManifest.xml:3:5-43
MERGED from [com.google.android.gms:play-services-wallet:10.2.4] AndroidManifest.xml:18:5-43
MERGED from [com.google.android.gms:play-services-identity:10.2.4] AndroidManifest.xml:17:5-43
MERGED from [com.google.android.gms:play-services-maps:10.2.4] AndroidManifest.xml:23:5-43
MERGED from [com.google.android.gms:play-services-wearable:10.2.4] AndroidManifest.xml:17:5-43
MERGED from [com.google.android.gms:play-services-base:10.2.4] AndroidManifest.xml:17:5-43
MERGED from [com.onesignal:OneSignal:3.5.8] AndroidManifest.xml:5:5-7:62
MERGED from [com.google.firebase:firebase-core:10.2.4] AndroidManifest.xml:4:5-43
MERGED from [com.google.firebase:firebase-analytics:10.2.4] AndroidManifest.xml:17:5-43
MERGED from [com.google.firebase:firebase-analytics-impl:10.2.4] AndroidManifest.xml:17:5-43
MERGED from [com.google.firebase:firebase-iid:10.2.4] AndroidManifest.xml:17:5-43
MERGED from [com.google.firebase:firebase-common:10.2.4] AndroidManifest.xml:3:5-43
MERGED from [com.google.android.gms:play-services-tasks:10.2.4] AndroidManifest.xml:3:5-43
MERGED from [com.google.android.gms:play-services-basement:10.2.4] AndroidManifest.xml:17:5-43
MERGED from [com.android.support:support-v4:25.2.0] AndroidManifest.xml:21:5-23:54
MERGED from [com.android.support:support-fragment:25.2.0] AndroidManifest.xml:21:5-23:60
MERGED from [com.android.support:support-media-compat:25.2.0] AndroidManifest.xml:21:5-23:63
MERGED from [com.android.support:support-core-ui:25.2.0] AndroidManifest.xml:21:5-23:58
MERGED from [com.android.support:support-core-utils:25.2.0] AndroidManifest.xml:21:5-23:61
MERGED from [com.android.support:support-compat:25.2.0] AndroidManifest.xml:21:5-23:58
	tools:overrideLibrary
		ADDED from [com.android.support:appcompat-v7:25.2.0] AndroidManifest.xml:23:9-75
	android:targetSdkVersion
		ADDED from src/main/AndroidManifest.xml:9:9-38
		INJECTED from src/main/AndroidManifest.xml
		INJECTED from src/main/AndroidManifest.xml
	android:minSdkVersion
		ADDED from src/main/AndroidManifest.xml:8:9-35
		INJECTED from src/main/AndroidManifest.xml
		INJECTED from src/main/AndroidManifest.xml
uses-permission#android.permission.INTERNET
ADDED from src/main/AndroidManifest.xml:11:5-67
MERGED from [com.google.android.gms:play-services-ads-lite:10.2.4] AndroidManifest.xml:19:5-66
MERGED from [com.google.android.gms:play-services-analytics:10.2.4] AndroidManifest.xml:20:5-66
MERGED from [com.google.android.gms:play-services-appinvite:10.2.4] AndroidManifest.xml:18:5-66
MERGED from [com.google.firebase:firebase-crash:10.2.4] AndroidManifest.xml:18:5-66
MERGED from [com.google.android.gms:play-services-gcm:10.2.4] AndroidManifest.xml:21:5-66
MERGED from [com.google.android.gms:play-services-iid:10.2.4] AndroidManifest.xml:21:5-66
MERGED from [com.google.android.gms:play-services-tagmanager-api:10.2.4] AndroidManifest.xml:20:5-66
MERGED from [com.google.android.gms:play-services-analytics-impl:10.2.4] AndroidManifest.xml:20:5-66
MERGED from [com.google.android.gms:play-services-maps:10.2.4] AndroidManifest.xml:20:5-66
MERGED from [com.onesignal:OneSignal:3.5.8] AndroidManifest.xml:17:5-67
MERGED from [com.google.firebase:firebase-analytics:10.2.4] AndroidManifest.xml:20:5-66
MERGED from [com.google.firebase:firebase-analytics-impl:10.2.4] AndroidManifest.xml:20:5-66
MERGED from [com.google.firebase:firebase-iid:10.2.4] AndroidManifest.xml:20:5-66
	android:name
		ADDED from src/main/AndroidManifest.xml:11:22-64
uses-permission#android.permission.GET_ACCOUNTS
ADDED from src/main/AndroidManifest.xml:12:5-71
	android:name
		ADDED from src/main/AndroidManifest.xml:12:22-68
uses-permission#android.permission.USE_CREDENTIALS
ADDED from src/main/AndroidManifest.xml:13:5-74
	android:name
		ADDED from src/main/AndroidManifest.xml:13:22-71
uses-permission#android.permission.ACCESS_NETWORK_STATE
ADDED from src/main/AndroidManifest.xml:14:5-79
MERGED from [com.google.android.gms:play-services-ads-lite:10.2.4] AndroidManifest.xml:20:5-78
MERGED from [com.google.android.gms:play-services-analytics:10.2.4] AndroidManifest.xml:21:5-78
MERGED from [com.google.android.gms:play-services-nearby:10.2.4] AndroidManifest.xml:4:5-78
MERGED from [com.google.android.gms:play-services-tagmanager-api:10.2.4] AndroidManifest.xml:21:5-78
MERGED from [com.google.android.gms:play-services-analytics-impl:10.2.4] AndroidManifest.xml:21:5-78
MERGED from [com.google.android.gms:play-services-maps:10.2.4] AndroidManifest.xml:19:5-78
MERGED from [com.onesignal:OneSignal:3.5.8] AndroidManifest.xml:25:5-79
MERGED from [com.google.firebase:firebase-analytics:10.2.4] AndroidManifest.xml:21:5-78
MERGED from [com.google.firebase:firebase-analytics-impl:10.2.4] AndroidManifest.xml:21:5-78
MERGED from [com.google.firebase:firebase-iid:10.2.4] AndroidManifest.xml:19:5-78
	android:name
		ADDED from src/main/AndroidManifest.xml:14:22-76
uses-permission#android.permission.CHANGE_NETWORK_STATE
ADDED from src/main/AndroidManifest.xml:15:5-79
	android:name
		ADDED from src/main/AndroidManifest.xml:15:22-76
uses-permission#android.permission.WRITE_EXTERNAL_STORAGE
ADDED from src/main/AndroidManifest.xml:16:5-81
	android:name
		ADDED from src/main/AndroidManifest.xml:16:22-78
uses-permission#android.permission.READ_EXTERNAL_STORAGE
ADDED from src/main/AndroidManifest.xml:17:5-80
	android:name
		ADDED from src/main/AndroidManifest.xml:17:22-77
application
ADDED from src/main/AndroidManifest.xml:19:5-185:19
MERGED from [com.google.android.gms:play-services:10.2.4] AndroidManifest.xml:5:5-20
MERGED from [com.google.android.gms:play-services-ads-lite:10.2.4] AndroidManifest.xml:23:5-27:19
MERGED from [com.google.android.gms:play-services-analytics:10.2.4] AndroidManifest.xml:26:5-19
MERGED from [com.google.android.gms:play-services-appinvite:10.2.4] AndroidManifest.xml:19:5-26:19
MERGED from [com.google.android.gms:play-services-auth:10.2.4] AndroidManifest.xml:19:5-25:19
MERGED from [com.google.android.gms:play-services-cast-framework:10.2.4] AndroidManifest.xml:4:5-8:19
MERGED from [com.google.android.gms:play-services-cast:10.2.4] AndroidManifest.xml:18:5-19
MERGED from [com.android.support:mediarouter-v7:24.0.0] AndroidManifest.xml:22:5-20
MERGED from [com.android.support:palette-v7:24.0.0] AndroidManifest.xml:22:5-23:19
MERGED from [com.android.support:appcompat-v7:25.2.0] AndroidManifest.xml:25:5-20
MERGED from [com.android.support:animated-vector-drawable:25.2.0] AndroidManifest.xml:22:5-20
MERGED from [com.android.support:support-vector-drawable:25.2.0] AndroidManifest.xml:23:5-20
MERGED from [com.google.android.gms:play-services-clearcut:10.2.4] AndroidManifest.xml:18:5-19
MERGED from [com.google.firebase:firebase-config:10.2.4] AndroidManifest.xml:18:5-19
MERGED from [com.google.android.gms:play-services-awareness:10.2.4] AndroidManifest.xml:18:5-19
MERGED from [com.google.firebase:firebase-crash:10.2.4] AndroidManifest.xml:22:5-23:19
MERGED from [com.google.firebase:firebase-auth:10.2.4] AndroidManifest.xml:19:5-20:19
MERGED from [com.google.firebase:firebase-messaging:10.2.4] AndroidManifest.xml:19:5-29:19
MERGED from [com.google.android.gms:play-services-fitness:10.2.4] AndroidManifest.xml:18:5-19
MERGED from [com.google.android.gms:play-services-games:10.2.4] AndroidManifest.xml:18:5-19
MERGED from [com.google.android.gms:play-services-drive:10.2.4] AndroidManifest.xml:18:5-19
MERGED from [com.google.android.gms:play-services-gass:10.2.4] AndroidManifest.xml:4:5-19
MERGED from [com.google.android.gms:play-services-gcm:10.2.4] AndroidManifest.xml:23:5-19
MERGED from [com.google.firebase:firebase-appindexing:10.2.4] AndroidManifest.xml:18:5-19
MERGED from [com.google.android.gms:play-services-iid:10.2.4] AndroidManifest.xml:23:5-19
MERGED from [com.google.android.gms:play-services-location:10.2.4] AndroidManifest.xml:4:5-19
MERGED from [com.google.android.gms:play-services-nearby:10.2.4] AndroidManifest.xml:5:5-19
MERGED from [com.google.android.gms:play-services-panorama:10.2.4] AndroidManifest.xml:18:5-19
MERGED from [com.google.android.gms:play-services-places:10.2.4] AndroidManifest.xml:18:5-19
MERGED from [com.google.android.gms:play-services-plus:10.2.4] AndroidManifest.xml:18:5-19
MERGED from [com.google.android.gms:play-services-safetynet:10.2.4] AndroidManifest.xml:18:5-19
MERGED from [com.google.android.gms:play-services-tagmanager-api:10.2.4] AndroidManifest.xml:23:5-33:19
MERGED from [com.google.android.gms:play-services-tagmanager-v4-impl:10.2.4] AndroidManifest.xml:19:5-19
MERGED from [com.google.android.gms:play-services-analytics-impl:10.2.4] AndroidManifest.xml:26:5-19
MERGED from [com.google.android.gms:play-services-vision:10.2.4] AndroidManifest.xml:4:5-19
MERGED from [com.google.android.gms:play-services-identity:10.2.4] AndroidManifest.xml:18:5-19
MERGED from [com.google.android.gms:play-services-maps:10.2.4] AndroidManifest.xml:24:5-19
MERGED from [com.google.android.gms:play-services-wearable:10.2.4] AndroidManifest.xml:18:5-19
MERGED from [com.google.android.gms:play-services-base:10.2.4] AndroidManifest.xml:18:5-20:19
MERGED from [com.onesignal:OneSignal:3.5.8] AndroidManifest.xml:49:5-91:19
MERGED from [com.google.firebase:firebase-core:10.2.4] AndroidManifest.xml:5:5-20
MERGED from [com.google.firebase:firebase-analytics:10.2.4] AndroidManifest.xml:24:5-33:19
MERGED from [com.google.firebase:firebase-analytics-impl:10.2.4] AndroidManifest.xml:24:5-28:19
MERGED from [com.google.firebase:firebase-iid:10.2.4] AndroidManifest.xml:28:5-49:19
MERGED from [com.google.firebase:firebase-common:10.2.4] AndroidManifest.xml:4:5-7:19
MERGED from [com.google.android.gms:play-services-tasks:10.2.4] AndroidManifest.xml:4:5-19
MERGED from [com.google.android.gms:play-services-basement:10.2.4] AndroidManifest.xml:19:5-21:19
MERGED from [com.android.support:support-v4:25.2.0] AndroidManifest.xml:25:5-20
MERGED from [com.android.support:support-fragment:25.2.0] AndroidManifest.xml:25:5-20
MERGED from [com.android.support:support-media-compat:25.2.0] AndroidManifest.xml:25:5-20
MERGED from [com.android.support:support-core-ui:25.2.0] AndroidManifest.xml:25:5-20
MERGED from [com.android.support:support-core-utils:25.2.0] AndroidManifest.xml:25:5-20
MERGED from [com.android.support:support-compat:25.2.0] AndroidManifest.xml:25:5-20
	android:label
		ADDED from src/main/AndroidManifest.xml:23:9-41
	android:allowBackup
		ADDED from src/main/AndroidManifest.xml:21:9-35
	android:icon
		ADDED from src/main/AndroidManifest.xml:22:9-46
	android:largeHeap
		ADDED from src/main/AndroidManifest.xml:24:9-33
	android:theme
		ADDED from src/main/AndroidManifest.xml:25:9-70
	android:name
		ADDED from src/main/AndroidManifest.xml:20:9-47
meta-data#android.app.default_searchable
ADDED from src/main/AndroidManifest.xml:26:9-28:53
	android:value
		ADDED from src/main/AndroidManifest.xml:28:13-50
	android:name
		ADDED from src/main/AndroidManifest.xml:27:13-58
activity#com.ealpha.main.Splash
ADDED from src/main/AndroidManifest.xml:30:9-40:20
	android:screenOrientation
		ADDED from src/main/AndroidManifest.xml:33:13-49
	android:label
		ADDED from src/main/AndroidManifest.xml:32:13-45
	android:theme
		ADDED from src/main/AndroidManifest.xml:34:13-60
	android:name
		ADDED from src/main/AndroidManifest.xml:31:13-40
intent-filter#android.intent.action.MAIN+android.intent.category.LAUNCHER
ADDED from src/main/AndroidManifest.xml:35:13-39:29
action#android.intent.action.MAIN
ADDED from src/main/AndroidManifest.xml:36:17-69
	android:name
		ADDED from src/main/AndroidManifest.xml:36:25-66
category#android.intent.category.LAUNCHER
ADDED from src/main/AndroidManifest.xml:38:17-77
	android:name
		ADDED from src/main/AndroidManifest.xml:38:27-74
activity#com.sairandhri.product.two.ProductActivity
ADDED from src/main/AndroidManifest.xml:41:9-48:20
	android:screenOrientation
		ADDED from src/main/AndroidManifest.xml:44:13-49
	android:label
		ADDED from src/main/AndroidManifest.xml:43:13-59
	android:name
		ADDED from src/main/AndroidManifest.xml:42:13-70
meta-data#android.support.PARENT_ACTIVITY
ADDED from src/main/AndroidManifest.xml:45:13-47:72
	android:value
		ADDED from src/main/AndroidManifest.xml:47:17-69
	android:name
		ADDED from src/main/AndroidManifest.xml:46:17-63
activity#com.ealpha.drawer.LogIn
ADDED from src/main/AndroidManifest.xml:49:9-52:61
	android:screenOrientation
		ADDED from src/main/AndroidManifest.xml:52:13-49
	android:label
		ADDED from src/main/AndroidManifest.xml:51:13-58
	android:name
		ADDED from src/main/AndroidManifest.xml:50:13-41
activity#com.ealpha.drawer.SignUp
ADDED from src/main/AndroidManifest.xml:53:9-56:61
	android:screenOrientation
		ADDED from src/main/AndroidManifest.xml:56:13-49
	android:label
		ADDED from src/main/AndroidManifest.xml:55:13-59
	android:name
		ADDED from src/main/AndroidManifest.xml:54:13-42
activity#com.ealpha.drawer.ForgotPassword
ADDED from src/main/AndroidManifest.xml:57:9-59:79
	android:label
		ADDED from src/main/AndroidManifest.xml:59:13-67
	android:name
		ADDED from src/main/AndroidManifest.xml:58:13-50
activity#com.ealpha.drawer.FeedBack
ADDED from src/main/AndroidManifest.xml:60:9-62:73
	android:label
		ADDED from src/main/AndroidManifest.xml:62:13-61
	android:name
		ADDED from src/main/AndroidManifest.xml:61:13-44
activity#com.ealpha.drawer.ManageProfile
ADDED from src/main/AndroidManifest.xml:63:9-65:78
	android:label
		ADDED from src/main/AndroidManifest.xml:65:13-66
	android:name
		ADDED from src/main/AndroidManifest.xml:64:13-49
activity#com.ealpha.drawer.NewsEvents
ADDED from src/main/AndroidManifest.xml:66:9-68:75
	android:label
		ADDED from src/main/AndroidManifest.xml:68:13-63
	android:name
		ADDED from src/main/AndroidManifest.xml:67:13-46
activity#com.sairandhri.product.details.three.ProductDetailActivity
ADDED from src/main/AndroidManifest.xml:69:9-71:78
	android:label
		ADDED from src/main/AndroidManifest.xml:71:13-66
	android:name
		ADDED from src/main/AndroidManifest.xml:70:13-86
activity#com.ealpha.main.MainActivity
ADDED from src/main/AndroidManifest.xml:72:9-64
	android:name
		ADDED from src/main/AndroidManifest.xml:72:19-52
activity#com.ealpha.drawer.SignIn
ADDED from src/main/AndroidManifest.xml:73:9-75:71
	android:label
		ADDED from src/main/AndroidManifest.xml:75:13-59
	android:name
		ADDED from src/main/AndroidManifest.xml:74:13-42
activity#com.ealpha.drawer.Collection
ADDED from src/main/AndroidManifest.xml:76:9-78:74
	android:label
		ADDED from src/main/AndroidManifest.xml:78:13-62
	android:name
		ADDED from src/main/AndroidManifest.xml:77:13-46
activity#com.ealpha.drawer.Feedback
ADDED from src/main/AndroidManifest.xml:79:9-81:72
	android:label
		ADDED from src/main/AndroidManifest.xml:81:13-60
	android:name
		ADDED from src/main/AndroidManifest.xml:80:13-44
activity#com.ealpha.drawer.AboutUs
ADDED from src/main/AndroidManifest.xml:82:9-84:72
	android:label
		ADDED from src/main/AndroidManifest.xml:84:13-60
	android:name
		ADDED from src/main/AndroidManifest.xml:83:13-43
activity#com.ealpha.cart.Cart
ADDED from src/main/AndroidManifest.xml:85:9-87:68
	android:label
		ADDED from src/main/AndroidManifest.xml:87:13-56
	android:name
		ADDED from src/main/AndroidManifest.xml:86:13-38
activity#com.ealpha.wishlist.WishList
ADDED from src/main/AndroidManifest.xml:88:9-90:73
	android:label
		ADDED from src/main/AndroidManifest.xml:90:13-61
	android:name
		ADDED from src/main/AndroidManifest.xml:89:13-46
activity#com.ealpha.drawer.PrivacyPolicy
ADDED from src/main/AndroidManifest.xml:91:9-93:78
	android:label
		ADDED from src/main/AndroidManifest.xml:93:13-66
	android:name
		ADDED from src/main/AndroidManifest.xml:92:13-49
activity#com.ealpha.drawer.TermsOfServices
ADDED from src/main/AndroidManifest.xml:94:9-96:81
	android:label
		ADDED from src/main/AndroidManifest.xml:96:13-69
	android:name
		ADDED from src/main/AndroidManifest.xml:95:13-51
activity#com.sairandhri.product.details.three.WishListDetailActivity
ADDED from src/main/AndroidManifest.xml:97:9-99:81
	android:label
		ADDED from src/main/AndroidManifest.xml:99:13-69
	android:name
		ADDED from src/main/AndroidManifest.xml:98:13-87
activity#com.ealpha.wishlist.WishlistProductDetailActivity
ADDED from src/main/AndroidManifest.xml:100:9-102:87
	android:label
		ADDED from src/main/AndroidManifest.xml:102:13-75
	android:name
		ADDED from src/main/AndroidManifest.xml:101:13-67
activity#com.ealpha.cart.CartProductDetailActivity
ADDED from src/main/AndroidManifest.xml:103:9-105:83
	android:label
		ADDED from src/main/AndroidManifest.xml:105:13-71
	android:name
		ADDED from src/main/AndroidManifest.xml:104:13-59
activity#com.ealpha.main.SearchActivity
ADDED from src/main/AndroidManifest.xml:112:9-126:20
	android:label
		ADDED from src/main/AndroidManifest.xml:114:13-45
	android:launchMode
		ADDED from src/main/AndroidManifest.xml:115:13-43
	android:name
		ADDED from src/main/AndroidManifest.xml:113:13-48
intent-filter#android.intent.action.SEARCH
ADDED from src/main/AndroidManifest.xml:116:13-118:29
action#android.intent.action.SEARCH
ADDED from src/main/AndroidManifest.xml:117:17-71
	android:name
		ADDED from src/main/AndroidManifest.xml:117:25-68
intent-filter#android.intent.action.VIEW
ADDED from src/main/AndroidManifest.xml:119:13-121:29
action#android.intent.action.VIEW
ADDED from src/main/AndroidManifest.xml:120:17-69
	android:name
		ADDED from src/main/AndroidManifest.xml:120:25-66
meta-data#android.app.searchable
ADDED from src/main/AndroidManifest.xml:123:13-125:57
	android:resource
		ADDED from src/main/AndroidManifest.xml:125:17-54
	android:name
		ADDED from src/main/AndroidManifest.xml:124:17-54
activity#com.ealpha.main.SearchNewActivity
ADDED from src/main/AndroidManifest.xml:127:9-129:74
	android:label
		ADDED from src/main/AndroidManifest.xml:129:13-62
	android:name
		ADDED from src/main/AndroidManifest.xml:128:13-51
activity#com.ealpha.homeclick.BannerClick
ADDED from src/main/AndroidManifest.xml:130:9-68
	android:name
		ADDED from src/main/AndroidManifest.xml:130:19-56
activity#com.ealpha.homeclick.SliderClick
ADDED from src/main/AndroidManifest.xml:131:9-68
	android:name
		ADDED from src/main/AndroidManifest.xml:131:19-56
activity#com.ealpha.homeclick.ProductDetailActivityPP
ADDED from src/main/AndroidManifest.xml:132:9-134:57
	android:label
		ADDED from src/main/AndroidManifest.xml:134:13-45
	android:name
		ADDED from src/main/AndroidManifest.xml:133:13-62
activity#com.ealpha.homeclick.ProductDetailActivitySlider
ADDED from src/main/AndroidManifest.xml:135:9-137:57
	android:label
		ADDED from src/main/AndroidManifest.xml:137:13-45
	android:name
		ADDED from src/main/AndroidManifest.xml:136:13-66
activity#com.ealpha.homeclick.ProductDetailActivityBanner
ADDED from src/main/AndroidManifest.xml:138:9-140:57
	android:label
		ADDED from src/main/AndroidManifest.xml:140:13-45
	android:name
		ADDED from src/main/AndroidManifest.xml:139:13-66
activity#com.men.MenTwo
ADDED from src/main/AndroidManifest.xml:141:9-143:71
	android:label
		ADDED from src/main/AndroidManifest.xml:143:13-59
	android:name
		ADDED from src/main/AndroidManifest.xml:142:13-42
activity#com.ealpha.homeclick.DrawerItemsProductDetailActivity
ADDED from src/main/AndroidManifest.xml:144:9-89
	android:name
		ADDED from src/main/AndroidManifest.xml:144:19-77
activity#com.ealpha.WishListActivity
ADDED from src/main/AndroidManifest.xml:145:9-147:73
	android:label
		ADDED from src/main/AndroidManifest.xml:147:13-61
	android:name
		ADDED from src/main/AndroidManifest.xml:146:13-45
activity#com.ealpha.cart.ShippingAddress
ADDED from src/main/AndroidManifest.xml:148:9-77
	android:name
		ADDED from src/main/AndroidManifest.xml:148:19-65
activity#com.ealpha.cart.ShippingAddressListActivity
ADDED from src/main/AndroidManifest.xml:149:9-89
	android:name
		ADDED from src/main/AndroidManifest.xml:149:19-77
activity#com.ealpha.cart.ShippingAddressListitemDetailActivity
ADDED from src/main/AndroidManifest.xml:150:9-99
	android:name
		ADDED from src/main/AndroidManifest.xml:150:19-87
activity#com.ealpha.drawer.CustomerCare
ADDED from src/main/AndroidManifest.xml:151:9-154:78
	android:label
		ADDED from src/main/AndroidManifest.xml:154:13-66
	android:exported
		ADDED from src/main/AndroidManifest.xml:153:13-36
	android:name
		ADDED from src/main/AndroidManifest.xml:152:13-58
activity#com.ealpha.checkout.CheckoutActivity
ADDED from src/main/AndroidManifest.xml:155:9-157:49
	android:label
		ADDED from src/main/AndroidManifest.xml:157:13-37
	android:name
		ADDED from src/main/AndroidManifest.xml:156:13-64
activity#com.ealpha.cart.OrderHistory
ADDED from src/main/AndroidManifest.xml:158:9-74
	android:name
		ADDED from src/main/AndroidManifest.xml:158:19-62
activity#com.ealpha.cart.OrderHistoryDetails
ADDED from src/main/AndroidManifest.xml:159:9-81
	android:name
		ADDED from src/main/AndroidManifest.xml:159:19-69
activity#com.ealpha.cart.PaymentOptions
ADDED from src/main/AndroidManifest.xml:160:9-76
	android:name
		ADDED from src/main/AndroidManifest.xml:160:19-64
activity#com.ealpha.drawer.SignInActivity
ADDED from src/main/AndroidManifest.xml:161:9-163:61
	android:screenOrientation
		ADDED from src/main/AndroidManifest.xml:163:13-49
	android:name
		ADDED from src/main/AndroidManifest.xml:162:13-60
service#com.fcm.MyFirebaseMessagingService
ADDED from src/main/AndroidManifest.xml:165:9-169:19
	android:name
		ADDED from src/main/AndroidManifest.xml:165:18-67
intent-filter#com.google.firebase.MESSAGING_EVENT
ADDED from src/main/AndroidManifest.xml:166:13-168:29
action#com.google.firebase.MESSAGING_EVENT
ADDED from src/main/AndroidManifest.xml:167:17-78
	android:name
		ADDED from src/main/AndroidManifest.xml:167:25-75
service#com.fcm.MyFirebaseInstanceIDService
ADDED from src/main/AndroidManifest.xml:170:9-174:19
	android:name
		ADDED from src/main/AndroidManifest.xml:170:18-68
intent-filter#com.google.firebase.INSTANCE_ID_EVENT
ADDED from src/main/AndroidManifest.xml:171:13-173:29
action#com.google.firebase.INSTANCE_ID_EVENT
ADDED from src/main/AndroidManifest.xml:172:17-80
	android:name
		ADDED from src/main/AndroidManifest.xml:172:25-77
service#com.fcm.MyNotificationExtenderService
ADDED from src/main/AndroidManifest.xml:176:9-182:19
	android:exported
		ADDED from src/main/AndroidManifest.xml:178:13-37
	android:name
		ADDED from src/main/AndroidManifest.xml:177:13-65
intent-filter#com.onesignal.NotificationExtender
ADDED from src/main/AndroidManifest.xml:179:13-181:29
action#com.onesignal.NotificationExtender
ADDED from src/main/AndroidManifest.xml:180:17-77
	android:name
		ADDED from src/main/AndroidManifest.xml:180:25-74
activity#com.google.android.gms.ads.AdActivity
ADDED from [com.google.android.gms:play-services-ads-lite:10.2.4] AndroidManifest.xml:25:9-232
	android:configChanges
		ADDED from [com.google.android.gms:play-services-ads-lite:10.2.4] AndroidManifest.xml:25:72-181
	android:theme
		ADDED from [com.google.android.gms:play-services-ads-lite:10.2.4] AndroidManifest.xml:25:182-230
	android:name
		ADDED from [com.google.android.gms:play-services-ads-lite:10.2.4] AndroidManifest.xml:25:19-71
activity#com.google.android.gms.ads.purchase.InAppPurchaseActivity
ADDED from [com.google.android.gms:play-services-ads-lite:10.2.4] AndroidManifest.xml:26:9-131
	android:theme
		ADDED from [com.google.android.gms:play-services-ads-lite:10.2.4] AndroidManifest.xml:26:92-129
	android:name
		ADDED from [com.google.android.gms:play-services-ads-lite:10.2.4] AndroidManifest.xml:26:19-91
uses-permission#android.permission.WAKE_LOCK
ADDED from [com.google.android.gms:play-services-analytics:10.2.4] AndroidManifest.xml:24:5-67
MERGED from [com.google.android.gms:play-services-analytics-impl:10.2.4] AndroidManifest.xml:24:5-67
MERGED from [com.onesignal:OneSignal:3.5.8] AndroidManifest.xml:19:5-68
MERGED from [com.google.firebase:firebase-analytics:10.2.4] AndroidManifest.xml:22:5-67
MERGED from [com.google.firebase:firebase-analytics-impl:10.2.4] AndroidManifest.xml:22:5-67
MERGED from [com.google.firebase:firebase-iid:10.2.4] AndroidManifest.xml:21:5-67
	android:name
		ADDED from [com.google.android.gms:play-services-analytics:10.2.4] AndroidManifest.xml:24:22-65
activity#com.google.android.gms.appinvite.PreviewActivity
ADDED from [com.google.android.gms:play-services-appinvite:10.2.4] AndroidManifest.xml:20:9-25:20
	android:exported
		ADDED from [com.google.android.gms:play-services-appinvite:10.2.4] AndroidManifest.xml:20:51-74
	android:theme
		ADDED from [com.google.android.gms:play-services-appinvite:10.2.4] AndroidManifest.xml:20:75-121
	android:name
		ADDED from [com.google.android.gms:play-services-appinvite:10.2.4] AndroidManifest.xml:20:19-50
intent-filter#android.intent.category.DEFAULT+com.google.android.gms.appinvite.ACTION_PREVIEW
ADDED from [com.google.android.gms:play-services-appinvite:10.2.4] AndroidManifest.xml:21:13-24:29
action#com.google.android.gms.appinvite.ACTION_PREVIEW
ADDED from [com.google.android.gms:play-services-appinvite:10.2.4] AndroidManifest.xml:22:17-89
	android:name
		ADDED from [com.google.android.gms:play-services-appinvite:10.2.4] AndroidManifest.xml:22:25-87
category#android.intent.category.DEFAULT
ADDED from [com.google.android.gms:play-services-appinvite:10.2.4] AndroidManifest.xml:23:17-75
	android:name